# JRE version: OpenJDK Runtime Environment Temurin-21.0.9+10 (21.0.9+10) (build 21.0.9+10-LTS)
# Java VM: OpenJDK 64-Bit Server VM Temurin-21.0.9+10 (21.0.9+10-LTS, mixed mode, sharing, tiered, compressed oops, compressed class ptrs, parallel gc, windows-amd64)
GC Precious Log:
 CardTable entry size: 512
 CPUs: 12 total, 12 available
 Memory: 7365M
 Large Page Support: Disabled
 NUMA Support: Disabled
 Compressed Oops: Enabled (32-bit)
 Alignments: Space 512K, Generation 512K, Heap 2M
 Heap Min Capacity: 100M
 Heap Initial Capacity: 100M
 Heap Max Capacity: 2G
 Pre-touch: Disabled
 Parallel Workers: 10
Heap:
 PSYoungGen      total 17408K, used 1145K [0x00000000d5580000, 0x00000000d6980000, 0x0000000100000000)
  eden space 16896K, 6% used [0x00000000d5580000,0x00000000d567e738,0x00000000d6600000)
  from space 512K, 25% used [0x00000000d6880000,0x00000000d68a0000,0x00000000d6900000)
  to   space 512K, 0% used [0x00000000d6900000,0x00000000d6900000,0x00000000d6980000)
 ParOldGen       total 1316864K, used 1042279K [0x0000000080000000, 0x00000000d0600000, 0x00000000d5580000)
  object space 1316864K, 79% used [0x0000000080000000,0x00000000bf9d9d50,0x00000000d0600000)
 Metaspace       used 89988K, committed 91840K, reserved 1179648K
  class space    used 9033K, committed 9856K, reserved 1048576K
GC Heap History (20 events):
Event: 7075.090 GC heap before
{Heap before GC invocations=3391 (full 5):
 PSYoungGen      total 19968K, used 19957K [0x00000000d5580000, 0x00000000d6d00000, 0x0000000100000000)
  eden space 19456K, 100% used [0x00000000d5580000,0x00000000d6880000,0x00000000d6880000)
  from space 512K, 97% used [0x00000000d6c00000,0x00000000d6c7d488,0x00000000d6c80000)
  to   space 512K, 0% used [0x00000000d6c80000,0x00000000d6c80000,0x00000000d6d00000)
 ParOldGen       total 1316864K, used 1030987K [0x0000000080000000, 0x00000000d0600000, 0x00000000d5580000)
  object space 1316864K, 78% used [0x0000000080000000,0x00000000beed2fd8,0x00000000d0600000)
 Metaspace       used 89936K, committed 91776K, reserved 1179648K
  class space    used 9031K, committed 9856K, reserved 1048576K
}
Event: 7075.103 GC heap after
{Heap after GC invocations=3391 (full 5):
 PSYoungGen      total 19968K, used 512K [0x00000000d5580000, 0x00000000d6d00000, 0x0000000100000000)
  eden space 19456K, 0% used [0x00000000d5580000,0x00000000d5580000,0x00000000d6880000)
  from space 512K, 100% used [0x00000000d6c80000,0x00000000d6d00000,0x00000000d6d00000)
  to   space 2048K, 0% used [0x00000000d6900000,0x00000000d6900000,0x00000000d6b00000)
 ParOldGen       total 1316864K, used 1032213K [0x0000000080000000, 0x00000000d0600000, 0x00000000d5580000)
  object space 1316864K, 78% used [0x0000000080000000,0x00000000bf0056b0,0x00000000d0600000)
 Metaspace       used 89936K, committed 91776K, reserved 1179648K
  class space    used 9031K, committed 9856K, reserved 1048576K
}
Event: 7075.204 GC heap before
{Heap before GC invocations=3392 (full 5):
 PSYoungGen      total 19968K, used 19968K [0x00000000d5580000, 0x00000000d6d00000, 0x0000000100000000)
  eden space 19456K, 100% used [0x00000000d5580000,0x00000000d6880000,0x00000000d6880000)
  from space 512K, 100% used [0x00000000d6c80000,0x00000000d6d00000,0x00000000d6d00000)
  to   space 2048K, 0% used [0x00000000d6900000,0x00000000d6900000,0x00000000d6b00000)
 ParOldGen       total 1316864K, used 1032213K [0x0000000080000000, 0x00000000d0600000, 0x00000000d5580000)
  object space 1316864K, 78% used [0x0000000080000000,0x00000000bf0056b0,0x00000000d0600000)
 Metaspace       used 89939K, committed 91776K, reserved 1179648K
  class space    used 9031K, committed 9856K, reserved 1048576K
}
Event: 7075.213 GC heap after
{Heap after GC invocations=3392 (full 5):
 PSYoungGen      total 21504K, used 1502K [0x00000000d5580000, 0x00000000d6d00000, 0x0000000100000000)
  eden space 19456K, 0% used [0x00000000d5580000,0x00000000d5580000,0x00000000d6880000)
  from space 2048K, 73% used [0x00000000d6900000,0x00000000d6a77a00,0x00000000d6b00000)
  to   space 2048K, 0% used [0x00000000d6b00000,0x00000000d6b00000,0x00000000d6d00000)
 ParOldGen       total 1316864K, used 1032724K [0x0000000080000000, 0x00000000d0600000, 0x00000000d5580000)
  object space 1316864K, 78% used [0x0000000080000000,0x00000000bf085330,0x00000000d0600000)
 Metaspace       used 89939K, committed 91776K, reserved 1179648K
  class space    used 9031K, committed 9856K, reserved 1048576K
}
Event: 7075.305 GC heap before
{Heap before GC invocations=3393 (full 5):
 PSYoungGen      total 21504K, used 20958K [0x00000000d5580000, 0x00000000d6d00000, 0x0000000100000000)
  eden space 19456K, 100% used [0x00000000d5580000,0x00000000d6880000,0x00000000d6880000)
  from space 2048K, 73% used [0x00000000d6900000,0x00000000d6a77a00,0x00000000d6b00000)
  to   space 2048K, 0% used [0x00000000d6b00000,0x00000000d6b00000,0x00000000d6d00000)
 ParOldGen       total 1316864K, used 1032724K [0x0000000080000000, 0x00000000d0600000, 0x00000000d5580000)
  object space 1316864K, 78% used [0x0000000080000000,0x00000000bf085330,0x00000000d0600000)
 Metaspace       used 89939K, committed 91776K, reserved 1179648K
  class space    used 9031K, committed 9856K, reserved 1048576K
}
Event: 7075.322 GC heap after
{Heap after GC invocations=3393 (full 5):
 PSYoungGen      total 18944K, used 2036K [0x00000000d5580000, 0x00000000d7280000, 0x0000000100000000)
  eden space 16896K, 0% used [0x00000000d5580000,0x00000000d5580000,0x00000000d6600000)
  from space 2048K, 99% used [0x00000000d6b00000,0x00000000d6cfd200,0x00000000d6d00000)
  to   space 5120K, 0% used [0x00000000d6600000,0x00000000d6600000,0x00000000d6b00000)
 ParOldGen       total 1316864K, used 1035064K [0x0000000080000000, 0x00000000d0600000, 0x00000000d5580000)
  object space 1316864K, 78% used [0x0000000080000000,0x00000000bf2ce2a8,0x00000000d0600000)
 Metaspace       used 89939K, committed 91776K, reserved 1179648K
  class space    used 9031K, committed 9856K, reserved 1048576K
}
Event: 7075.484 GC heap before
{Heap before GC invocations=3394 (full 5):
 PSYoungGen      total 18944K, used 18932K [0x00000000d5580000, 0x00000000d7280000, 0x0000000100000000)
  eden space 16896K, 100% used [0x00000000d5580000,0x00000000d6600000,0x00000000d6600000)
  from space 2048K, 99% used [0x00000000d6b00000,0x00000000d6cfd200,0x00000000d6d00000)
  to   space 5120K, 0% used [0x00000000d6600000,0x00000000d6600000,0x00000000d6b00000)
 ParOldGen       total 1316864K, used 1035064K [0x0000000080000000, 0x00000000d0600000, 0x00000000d5580000)
  object space 1316864K, 78% used [0x0000000080000000,0x00000000bf2ce2a8,0x00000000d0600000)
 Metaspace       used 89939K, committed 91776K, reserved 1179648K
  class space    used 9031K, committed 9856K, reserved 1048576K
}
Event: 7075.503 GC heap after
{Heap after GC invocations=3394 (full 5):
 PSYoungGen      total 20992K, used 3744K [0x00000000d5580000, 0x00000000d6e00000, 0x0000000100000000)
  eden space 16896K, 0% used [0x00000000d5580000,0x00000000d5580000,0x00000000d6600000)
  from space 4096K, 91% used [0x00000000d6600000,0x00000000d69a8000,0x00000000d6a00000)
  to   space 4096K, 0% used [0x00000000d6a00000,0x00000000d6a00000,0x00000000d6e00000)
 ParOldGen       total 1316864K, used 1037124K [0x0000000080000000, 0x00000000d0600000, 0x00000000d5580000)
  object space 1316864K, 78% used [0x0000000080000000,0x00000000bf4d1040,0x00000000d0600000)
 Metaspace       used 89939K, committed 91776K, reserved 1179648K
  class space    used 9031K, committed 9856K, reserved 1048576K
}
Event: 7075.596 GC heap before
{Heap before GC invocations=3395 (full 5):
 PSYoungGen      total 20992K, used 20640K [0x00000000d5580000, 0x00000000d6e00000, 0x0000000100000000)
  eden space 16896K, 100% used [0x00000000d5580000,0x00000000d6600000,0x00000000d6600000)
  from space 4096K, 91% used [0x00000000d6600000,0x00000000d69a8000,0x00000000d6a00000)
  to   space 4096K, 0% used [0x00000000d6a00000,0x00000000d6a00000,0x00000000d6e00000)
 ParOldGen       total 1316864K, used 1037124K [0x0000000080000000, 0x00000000d0600000, 0x00000000d5580000)
  object space 1316864K, 78% used [0x0000000080000000,0x00000000bf4d1040,0x00000000d0600000)
 Metaspace       used 89942K, committed 91776K, reserved 1179648K
  class space    used 9031K, committed 9856K, reserved 1048576K
}
Event: 7075.607 GC heap after
{Heap after GC invocations=3395 (full 5):
 PSYoungGen      total 20480K, used 3209K [0x00000000d5580000, 0x00000000d6d80000, 0x0000000100000000)
  eden space 16896K, 0% used [0x00000000d5580000,0x00000000d5580000,0x00000000d6600000)
  from space 3584K, 89% used [0x00000000d6a00000,0x00000000d6d22560,0x00000000d6d80000)
  to   space 3584K, 0% used [0x00000000d6680000,0x00000000d6680000,0x00000000d6a00000)
 ParOldGen       total 1316864K, used 1039100K [0x0000000080000000, 0x00000000d0600000, 0x00000000d5580000)
  object space 1316864K, 78% used [0x0000000080000000,0x00000000bf6bf080,0x00000000d0600000)
 Metaspace       used 89942K, committed 91776K, reserved 1179648K
  class space    used 9031K, committed 9856K, reserved 1048576K
}
Event: 7075.647 GC heap before
{Heap before GC invocations=3396 (full 5):
 PSYoungGen      total 20480K, used 20105K [0x00000000d5580000, 0x00000000d6d80000, 0x0000000100000000)
  eden space 16896K, 100% used [0x00000000d5580000,0x00000000d6600000,0x00000000d6600000)
  from space 3584K, 89% used [0x00000000d6a00000,0x00000000d6d22560,0x00000000d6d80000)
  to   space 3584K, 0% used [0x00000000d6680000,0x00000000d6680000,0x00000000d6a00000)
 ParOldGen       total 1316864K, used 1039100K [0x0000000080000000, 0x00000000d0600000, 0x00000000d5580000)
  object space 1316864K, 78% used [0x0000000080000000,0x00000000bf6bf080,0x00000000d0600000)
 Metaspace       used 89943K, committed 91776K, reserved 1179648K
  class space    used 9031K, committed 9856K, reserved 1048576K
}
Event: 7075.661 GC heap after
{Heap after GC invocations=3396 (full 5):
 PSYoungGen      total 17408K, used 276K [0x00000000d5580000, 0x00000000d6a80000, 0x0000000100000000)
  eden space 16896K, 0% used [0x00000000d5580000,0x00000000d5580000,0x00000000d6600000)
  from space 512K, 54% used [0x00000000d6680000,0x00000000d66c5200,0x00000000d6700000)
  to   space 1536K, 0% used [0x00000000d6900000,0x00000000d6900000,0x00000000d6a80000)
 ParOldGen       total 1316864K, used 1042007K [0x0000000080000000, 0x00000000d0600000, 0x00000000d5580000)
  object space 1316864K, 79% used [0x0000000080000000,0x00000000bf995d30,0x00000000d0600000)
 Metaspace       used 89943K, committed 91776K, reserved 1179648K
  class space    used 9031K, committed 9856K, reserved 1048576K
}
Event: 7075.719 GC heap before
{Heap before GC invocations=3397 (full 5):
 PSYoungGen      total 17408K, used 17172K [0x00000000d5580000, 0x00000000d6a80000, 0x0000000100000000)
  eden space 16896K, 100% used [0x00000000d5580000,0x00000000d6600000,0x00000000d6600000)
  from space 512K, 54% used [0x00000000d6680000,0x00000000d66c5200,0x00000000d6700000)
  to   space 1536K, 0% used [0x00000000d6900000,0x00000000d6900000,0x00000000d6a80000)
 ParOldGen       total 1316864K, used 1042007K [0x0000000080000000, 0x00000000d0600000, 0x00000000d5580000)
  object space 1316864K, 79% used [0x0000000080000000,0x00000000bf995d30,0x00000000d0600000)
 Metaspace       used 89946K, committed 91840K, reserved 1179648K
  class space    used 9031K, committed 9856K, reserved 1048576K
}
Event: 7075.723 GC heap after
{Heap after GC invocations=3397 (full 5):
 PSYoungGen      total 17408K, used 378K [0x00000000d5580000, 0x00000000d6980000, 0x0000000100000000)
  eden space 16896K, 0% used [0x00000000d5580000,0x00000000d5580000,0x00000000d6600000)
  from space 512K, 73% used [0x00000000d6900000,0x00000000d695e900,0x00000000d6980000)
  to   space 1024K, 0% used [0x00000000d6780000,0x00000000d6780000,0x00000000d6880000)
 ParOldGen       total 1316864K, used 1042063K [0x0000000080000000, 0x00000000d0600000, 0x00000000d5580000)
  object space 1316864K, 79% used [0x0000000080000000,0x00000000bf9a3d30,0x00000000d0600000)
 Metaspace       used 89946K, committed 91840K, reserved 1179648K
  class space    used 9031K, committed 9856K, reserved 1048576K
}
Event: 7075.753 GC heap before
{Heap before GC invocations=3398 (full 5):
 PSYoungGen      total 17408K, used 17274K [0x00000000d5580000, 0x00000000d6980000, 0x0000000100000000)
  eden space 16896K, 100% used [0x00000000d5580000,0x00000000d6600000,0x00000000d6600000)
  from space 512K, 73% used [0x00000000d6900000,0x00000000d695e900,0x00000000d6980000)
  to   space 1024K, 0% used [0x00000000d6780000,0x00000000d6780000,0x00000000d6880000)
 ParOldGen       total 1316864K, used 1042063K [0x0000000080000000, 0x00000000d0600000, 0x00000000d5580000)
  object space 1316864K, 79% used [0x0000000080000000,0x00000000bf9a3d30,0x00000000d0600000)
 Metaspace       used 89946K, committed 91840K, reserved 1179648K
  class space    used 9031K, committed 9856K, reserved 1048576K
}
Event: 7075.760 GC heap after
{Heap after GC invocations=3398 (full 5):
 PSYoungGen      total 17920K, used 462K [0x00000000d5580000, 0x00000000d6980000, 0x0000000100000000)
  eden space 16896K, 0% used [0x00000000d5580000,0x00000000d5580000,0x00000000d6600000)
  from space 1024K, 45% used [0x00000000d6780000,0x00000000d67f3b00,0x00000000d6880000)
  to   space 512K, 0% used [0x00000000d6900000,0x00000000d6900000,0x00000000d6980000)
 ParOldGen       total 1316864K, used 1042079K [0x0000000080000000, 0x00000000d0600000, 0x00000000d5580000)
  object space 1316864K, 79% used [0x0000000080000000,0x00000000bf9a7d30,0x00000000d0600000)
 Metaspace       used 89946K, committed 91840K, reserved 1179648K
  class space    used 9031K, committed 9856K, reserved 1048576K
}
Event: 7793.220 GC heap before
{Heap before GC invocations=3399 (full 5):
 PSYoungGen      total 17920K, used 17358K [0x00000000d5580000, 0x00000000d6980000, 0x0000000100000000)
  eden space 16896K, 100% used [0x00000000d5580000,0x00000000d6600000,0x00000000d6600000)
  from space 1024K, 45% used [0x00000000d6780000,0x00000000d67f3b00,0x00000000d6880000)
  to   space 512K, 0% used [0x00000000d6900000,0x00000000d6900000,0x00000000d6980000)
 ParOldGen       total 1316864K, used 1042079K [0x0000000080000000, 0x00000000d0600000, 0x00000000d5580000)
  object space 1316864K, 79% used [0x0000000080000000,0x00000000bf9a7d30,0x00000000d0600000)
 Metaspace       used 89980K, committed 91840K, reserved 1179648K
  class space    used 9033K, committed 9856K, reserved 1048576K
}
Event: 7793.453 GC heap after
{Heap after GC invocations=3399 (full 5):
 PSYoungGen      total 17408K, used 416K [0x00000000d5580000, 0x00000000d6980000, 0x0000000100000000)
  eden space 16896K, 0% used [0x00000000d5580000,0x00000000d5580000,0x00000000d6600000)
  from space 512K, 81% used [0x00000000d6900000,0x00000000d6968020,0x00000000d6980000)
  to   space 512K, 0% used [0x00000000d6880000,0x00000000d6880000,0x00000000d6900000)
 ParOldGen       total 1316864K, used 1042095K [0x0000000080000000, 0x00000000d0600000, 0x00000000d5580000)
  object space 1316864K, 79% used [0x0000000080000000,0x00000000bf9abd30,0x00000000d0600000)
 Metaspace       used 89980K, committed 91840K, reserved 1179648K
  class space    used 9033K, committed 9856K, reserved 1048576K
}
Event: 7795.746 GC heap before
{Heap before GC invocations=3400 (full 5):
 PSYoungGen      total 17408K, used 17312K [0x00000000d5580000, 0x00000000d6980000, 0x0000000100000000)
  eden space 16896K, 100% used [0x00000000d5580000,0x00000000d6600000,0x00000000d6600000)
  from space 512K, 81% used [0x00000000d6900000,0x00000000d6968020,0x00000000d6980000)
  to   space 512K, 0% used [0x00000000d6880000,0x00000000d6880000,0x00000000d6900000)
 ParOldGen       total 1316864K, used 1042095K [0x0000000080000000, 0x00000000d0600000, 0x00000000d5580000)
  object space 1316864K, 79% used [0x0000000080000000,0x00000000bf9abd30,0x00000000d0600000)
 Metaspace       used 89988K, committed 91840K, reserved 1179648K
  class space    used 9033K, committed 9856K, reserved 1048576K
}
Event: 7795.758 GC heap after
{Heap after GC invocations=3400 (full 5):
 PSYoungGen      total 17408K, used 128K [0x00000000d5580000, 0x00000000d6980000, 0x0000000100000000)
  eden space 16896K, 0% used [0x00000000d5580000,0x00000000d5580000,0x00000000d6600000)
  from space 512K, 25% used [0x00000000d6880000,0x00000000d68a0000,0x00000000d6900000)
  to   space 512K, 0% used [0x00000000d6900000,0x00000000d6900000,0x00000000d6980000)
 ParOldGen       total 1316864K, used 1042279K [0x0000000080000000, 0x00000000d0600000, 0x00000000d5580000)
  object space 1316864K, 79% used [0x0000000080000000,0x00000000bf9d9d50,0x00000000d0600000)
 Metaspace       used 89988K, committed 91840K, reserved 1179648K
  class space    used 9033K, committed 9856K, reserved 1048576K
}

